Determining if the pthread_create exist failed with the following output:
Change Dir: /home/pengbo/Desktop/catkin_ws/build/CMakeFiles/CMakeTmp

Run Build Command:"/usr/bin/make" "cmTC_27cfe/fast"
/usr/bin/make -f CMakeFiles/cmTC_27cfe.dir/build.make CMakeFiles/cmTC_27cfe.dir/build
make[1]: Entering directory '/home/pengbo/Desktop/catkin_ws/build/CMakeFiles/CMakeTmp'
Building C object CMakeFiles/cmTC_27cfe.dir/CheckSymbolExists.c.o
/usr/bin/cc    -o CMakeFiles/cmTC_27cfe.dir/CheckSymbolExists.c.o   -c /home/pengbo/Desktop/catkin_ws/build/CMakeFiles/CMakeTmp/CheckSymbolExists.c
Linking C executable cmTC_27cfe
/usr/bin/cmake -E cmake_link_script CMakeFiles/cmTC_27cfe.dir/link.txt --verbose=1
/usr/bin/cc      -rdynamic CMakeFiles/cmTC_27cfe.dir/CheckSymbolExists.c.o  -o cmTC_27cfe 
CMakeFiles/cmTC_27cfe.dir/CheckSymbolExists.c.o: In function `main':
CheckSymbolExists.c:(.text+0x1b): undefined reference to `pthread_create'
collect2: error: ld returned 1 exit status
CMakeFiles/cmTC_27cfe.dir/build.make:97: recipe for target 'cmTC_27cfe' failed
make[1]: *** [cmTC_27cfe] Error 1
make[1]: Leaving directory '/home/pengbo/Desktop/catkin_ws/build/CMakeFiles/CMakeTmp'
Makefile:126: recipe for target 'cmTC_27cfe/fast' failed
make: *** [cmTC_27cfe/fast] Error 2

File /home/pengbo/Desktop/catkin_ws/build/CMakeFiles/CMakeTmp/CheckSymbolExists.c:
/* */
#include <pthread.h>

int main(int argc, char** argv)
{
  (void)argv;
#ifndef pthread_create
  return ((int*)(&pthread_create))[argc];
#else
  (void)argc;
  return 0;
#endif
}

Determining if the function pthread_create exists in the pthreads failed with the following output:
Change Dir: /home/pengbo/Desktop/catkin_ws/build/CMakeFiles/CMakeTmp

Run Build Command:"/usr/bin/make" "cmTC_c4198/fast"
/usr/bin/make -f CMakeFiles/cmTC_c4198.dir/build.make CMakeFiles/cmTC_c4198.dir/build
make[1]: Entering directory '/home/pengbo/Desktop/catkin_ws/build/CMakeFiles/CMakeTmp'
Building C object CMakeFiles/cmTC_c4198.dir/CheckFunctionExists.c.o
/usr/bin/cc   -DCHECK_FUNCTION_EXISTS=pthread_create   -o CMakeFiles/cmTC_c4198.dir/CheckFunctionExists.c.o   -c /usr/share/cmake-3.10/Modules/CheckFunctionExists.c
Linking C executable cmTC_c4198
/usr/bin/cmake -E cmake_link_script CMakeFiles/cmTC_c4198.dir/link.txt --verbose=1
/usr/bin/cc  -DCHECK_FUNCTION_EXISTS=pthread_create    -rdynamic CMakeFiles/cmTC_c4198.dir/CheckFunctionExists.c.o  -o cmTC_c4198 -lpthreads 
/usr/bin/ld: cannot find -lpthreads
collect2: error: ld returned 1 exit status
CMakeFiles/cmTC_c4198.dir/build.make:97: recipe for target 'cmTC_c4198' failed
make[1]: *** [cmTC_c4198] Error 1
make[1]: Leaving directory '/home/pengbo/Desktop/catkin_ws/build/CMakeFiles/CMakeTmp'
Makefile:126: recipe for target 'cmTC_c4198/fast' failed
make: *** [cmTC_c4198/fast] Error 2


