Determining if the pthread_create exist failed with the following output:
Change Dir: /home/pengbo/Desktop/catkin_ws/build/CMakeFiles/CMakeTmp

Run Build Command:"/usr/bin/make" "cmTC_b1860/fast"
/usr/bin/make -f CMakeFiles/cmTC_b1860.dir/build.make CMakeFiles/cmTC_b1860.dir/build
make[1]: Entering directory '/home/pengbo/Desktop/catkin_ws/build/CMakeFiles/CMakeTmp'
Building C object CMakeFiles/cmTC_b1860.dir/CheckSymbolExists.c.o
/usr/bin/cc    -o CMakeFiles/cmTC_b1860.dir/CheckSymbolExists.c.o   -c /home/pengbo/Desktop/catkin_ws/build/CMakeFiles/CMakeTmp/CheckSymbolExists.c
Linking C executable cmTC_b1860
/usr/bin/cmake -E cmake_link_script CMakeFiles/cmTC_b1860.dir/link.txt --verbose=1
/usr/bin/cc      -rdynamic CMakeFiles/cmTC_b1860.dir/CheckSymbolExists.c.o  -o cmTC_b1860 
CMakeFiles/cmTC_b1860.dir/CheckSymbolExists.c.o: In function `main':
CheckSymbolExists.c:(.text+0x1b): undefined reference to `pthread_create'
collect2: error: ld returned 1 exit status
CMakeFiles/cmTC_b1860.dir/build.make:97: recipe for target 'cmTC_b1860' failed
make[1]: *** [cmTC_b1860] Error 1
make[1]: Leaving directory '/home/pengbo/Desktop/catkin_ws/build/CMakeFiles/CMakeTmp'
Makefile:126: recipe for target 'cmTC_b1860/fast' failed
make: *** [cmTC_b1860/fast] Error 2

File /home/pengbo/Desktop/catkin_ws/build/CMakeFiles/CMakeTmp/CheckSymbolExists.c:
/* */
#include <pthread.h>

int main(int argc, char** argv)
{
  (void)argv;
#ifndef pthread_create
  return ((int*)(&pthread_create))[argc];
#else
  (void)argc;
  return 0;
#endif
}

Determining if the function pthread_create exists in the pthreads failed with the following output:
Change Dir: /home/pengbo/Desktop/catkin_ws/build/CMakeFiles/CMakeTmp

Run Build Command:"/usr/bin/make" "cmTC_702f7/fast"
/usr/bin/make -f CMakeFiles/cmTC_702f7.dir/build.make CMakeFiles/cmTC_702f7.dir/build
make[1]: Entering directory '/home/pengbo/Desktop/catkin_ws/build/CMakeFiles/CMakeTmp'
Building C object CMakeFiles/cmTC_702f7.dir/CheckFunctionExists.c.o
/usr/bin/cc   -DCHECK_FUNCTION_EXISTS=pthread_create   -o CMakeFiles/cmTC_702f7.dir/CheckFunctionExists.c.o   -c /usr/share/cmake-3.10/Modules/CheckFunctionExists.c
Linking C executable cmTC_702f7
/usr/bin/cmake -E cmake_link_script CMakeFiles/cmTC_702f7.dir/link.txt --verbose=1
/usr/bin/cc  -DCHECK_FUNCTION_EXISTS=pthread_create    -rdynamic CMakeFiles/cmTC_702f7.dir/CheckFunctionExists.c.o  -o cmTC_702f7 -lpthreads 
/usr/bin/ld: cannot find -lpthreads
collect2: error: ld returned 1 exit status
CMakeFiles/cmTC_702f7.dir/build.make:97: recipe for target 'cmTC_702f7' failed
make[1]: *** [cmTC_702f7] Error 1
make[1]: Leaving directory '/home/pengbo/Desktop/catkin_ws/build/CMakeFiles/CMakeTmp'
Makefile:126: recipe for target 'cmTC_702f7/fast' failed
make: *** [cmTC_702f7/fast] Error 2


